#
# A fatal error has been detected by the Java Runtime Environment:
#
#  Internal Error (safepoint.cpp:310), pid=970, tid=12547
#  guarantee(PageArmed == 0) failed: invariant
#
# JRE version: Java(TM) SE Runtime Environment (8.0_31-b13) (build 1.8.0_31-b13)
# Java VM: Java HotSpot(TM) 64-Bit Server VM (25.31-b07 mixed mode bsd-amd64 compressed oops)
# Failed to write core dump. Core dumps have been disabled. To enable core dumping, try "ulimit -c unlimited" before starting Java again
#
# If you would like to submit a bug report, please visit:
#   http://bugreport.java.com/bugreport/crash.jsp
#

---------------  T H R E A D  ---------------

Current thread (0x00007f8b73062000):  VMThread [stack: 0x0000000122d35000,0x0000000122e35000] [id=12547]

Stack: [0x0000000122d35000,0x0000000122e35000],  sp=0x0000000122e34910,  free space=1022k
Native frames: (J=compiled Java code, j=interpreted, Vv=VM code, C=native code)
V  [libjvm.dylib+0x579964]  VMError::report_and_die()+0x402
V  [libjvm.dylib+0x1da99b]  report_vm_error(char const*, int, char const*, char const*)+0x54
V  [libjvm.dylib+0x4b1480]  SafepointSynchronize::begin()+0x2be
V  [libjvm.dylib+0x57f8e1]  VMThread::loop()+0x209
V  [libjvm.dylib+0x57f31f]  VMThread::run()+0x79
V  [libjvm.dylib+0x45d772]  java_start(Thread*)+0xf6
C  [libsystem_pthread.dylib+0x3268]  _pthread_body+0x83
C  [libsystem_pthread.dylib+0x31e5]  _pthread_body+0x0
C  [libsystem_pthread.dylib+0x141d]  thread_start+0xd


---------------  P R O C E S S  ---------------

Java Threads: ( => current thread )
  0x00007f8b7681b000 JavaThread "Service Thread" daemon [_thread_blocked, id=20739, stack(0x0000000124e6a000,0x0000000124f6a000)]
  0x00007f8b76008000 JavaThread "C1 CompilerThread3" daemon [_thread_blocked, id=20227, stack(0x0000000124d67000,0x0000000124e67000)]
  0x00007f8b76800000 JavaThread "C2 CompilerThread2" daemon [_thread_blocked, id=19715, stack(0x0000000124c64000,0x0000000124d64000)]
  0x00007f8b76007000 JavaThread "C2 CompilerThread1" daemon [_thread_blocked, id=19203, stack(0x0000000124b61000,0x0000000124c61000)]
  0x00007f8b73077800 JavaThread "C2 CompilerThread0" daemon [_thread_blocked, id=18691, stack(0x0000000124a5e000,0x0000000124b5e000)]
  0x00007f8b7303a800 JavaThread "Signal Dispatcher" daemon [_thread_blocked, id=15379, stack(0x000000012495b000,0x0000000124a5b000)]
  0x00007f8b75803000 JavaThread "Finalizer" daemon [_thread_blocked, id=13571, stack(0x0000000122f3b000,0x000000012303b000)]
  0x00007f8b75802000 JavaThread "Reference Handler" daemon [_thread_blocked, id=13059, stack(0x0000000122e38000,0x0000000122f38000)]
  0x00007f8b74801800 JavaThread "main" [_thread_in_Java, id=4867, stack(0x0000000107320000,0x0000000107420000)]

Other Threads:
=>0x00007f8b73062000 VMThread [stack: 0x0000000122d35000,0x0000000122e35000] [id=12547]
  0x00007f8b7681b800 WatcherThread [stack: 0x0000000124f6d000,0x000000012506d000] [id=21251]

VM state:synchronizing (normal execution)

VM Mutex/Monitor currently owned by a thread:  ([mutex/lock_event])
[0x00007f8b72c1f5e0] Safepoint_lock - owner thread: 0x00007f8b73062000
[0x00007f8b72c1f660] Threads_lock - owner thread: 0x00007f8b73062000

Heap:
 PSYoungGen      total 76288K, used 3932K [0x000000076ab00000, 0x0000000770000000, 0x00000007c0000000)
  eden space 65536K, 6% used [0x000000076ab00000,0x000000076aed7170,0x000000076eb00000)
  from space 10752K, 0% used [0x000000076f580000,0x000000076f580000,0x0000000770000000)
  to   space 10752K, 0% used [0x000000076eb00000,0x000000076eb00000,0x000000076f580000)
 ParOldGen       total 175104K, used 0K [0x00000006c0000000, 0x00000006cab00000, 0x000000076ab00000)
  object space 175104K, 0% used [0x00000006c0000000,0x00000006c0000000,0x00000006cab00000)
 Metaspace       used 2729K, capacity 4490K, committed 4864K, reserved 1056768K
  class space    used 297K, capacity 386K, committed 512K, reserved 1048576K

Card table byte_map: [0x0000000116828000,0x0000000117029000] byte_map_base: 0x0000000113228000

Marking Bits: (ParMarkBitMap*) 0x0000000106c9e410
 Begin Bits: [0x0000000117d97000, 0x000000011bd97000)
 End Bits:   [0x000000011bd97000, 0x000000011fd97000)

Polling page: 0x00000001053ff000

CodeCache: size=245760Kb used=1136Kb max_used=1148Kb free=244623Kb
 bounds [0x0000000107468000, 0x00000001076d8000, 0x0000000116468000]
 total_blobs=269 nmethods=35 adapters=149
 compilation: enabled

Compilation events (10 events):
Event: 0.284 Thread 0x00007f8b76008000   31 %     3       PrimeCounter::countPrimes @ 8 (38 bytes)
Event: 0.284 Thread 0x00007f8b76008000 nmethod 31% 0x0000000107584890 code [0x0000000107584a20, 0x0000000107584e30]
Event: 0.291 Thread 0x00007f8b73077800   33 %     4       PrimeCounter::isPrime @ 5 (25 bytes)
Event: 0.291 Thread 0x00007f8b76008000   32       3       PrimeCounter::countPrimes (38 bytes)
Event: 0.291 Thread 0x00007f8b76008000 nmethod 32 0x0000000107584150 code [0x00000001075842e0, 0x00000001075846b0]
Event: 0.292 Thread 0x00007f8b73077800 nmethod 33% 0x0000000107582810 code [0x0000000107582960, 0x0000000107582bb8]
Event: 0.299 Thread 0x00007f8b76008000   34 %     3       PrimeCounter::countPrimes @ 8 (38 bytes)
Event: 0.299 Thread 0x00007f8b76008000 nmethod 34% 0x0000000107583b90 code [0x0000000107583d20, 0x0000000107584008]
Event: 0.642 Thread 0x00007f8b76007000   35 %     4       PrimeCounter::countPrimes @ 8 (38 bytes)
Event: 0.645 Thread 0x00007f8b76007000 nmethod 35% 0x0000000107582290 code [0x00000001075823e0, 0x0000000107582698]

GC Heap History (0 events):
No events

Deoptimization events (0 events):
No events

Internal exceptions (4 events):
Event: 0.027 Thread 0x00007f8b74801800 Exception <a 'java/lang/NoSuchMethodError': Method sun.misc.Unsafe.defineClass(Ljava/lang/String;[BII)Ljava/lang/Class; name or signature does not match> (0x000000076ab11ec8) thrown at [/Users/java_re/workspace/8-2-build-macosx-x86_64/jdk8u31/2394/hotspot
Event: 0.027 Thread 0x00007f8b74801800 Exception <a 'java/lang/NoSuchMethodError': Method sun.misc.Unsafe.prefetchRead(Ljava/lang/Object;J)V name or signature does not match> (0x000000076ab12158) thrown at [/Users/java_re/workspace/8-2-build-macosx-x86_64/jdk8u31/2394/hotspot/src/share/vm/prim
Event: 0.061 Thread 0x00007f8b74801800 Exception <a 'java/security/PrivilegedActionException'> (0x000000076ab98180) thrown at [/Users/java_re/workspace/8-2-build-macosx-x86_64/jdk8u31/2394/hotspot/src/share/vm/prims/jvm.cpp, line 1312]
Event: 0.064 Thread 0x00007f8b74801800 Exception <a 'java/security/PrivilegedActionException'> (0x000000076ab9e528) thrown at [/Users/java_re/workspace/8-2-build-macosx-x86_64/jdk8u31/2394/hotspot/src/share/vm/prims/jvm.cpp, line 1312]

Events (10 events):
Event: 0.063 loading class java/lang/Class$MethodArray
Event: 0.063 loading class java/lang/Class$MethodArray done
Event: 0.063 loading class java/lang/InterruptedException
Event: 0.064 loading class java/lang/InterruptedException done
Event: 0.064 loading class PrimeCounter
Event: 0.064 loading class PrimeCounter done
Event: 0.292 Thread 0x00007f8b74801800 DEOPT PACKING pc=0x0000000107584d64 sp=0x000000010741f850
Event: 0.292 Thread 0x00007f8b74801800 DEOPT UNPACKING pc=0x00000001074af373 sp=0x000000010741f550 mode 0
Event: 0.732 Thread 0x00007f8b74801800 DEOPT PACKING pc=0x0000000107583f0c sp=0x000000010741f870
Event: 0.732 Thread 0x00007f8b74801800 DEOPT UNPACKING pc=0x00000001074af373 sp=0x000000010741f5b8 mode 0


Dynamic libraries:
0x00000000059c8000 	/System/Library/Frameworks/Cocoa.framework/Versions/A/Cocoa
0x00000000059c8000 	/System/Library/Frameworks/Security.framework/Versions/A/Security
0x00000000059c8000 	/System/Library/Frameworks/ApplicationServices.framework/Versions/A/ApplicationServices
0x00000000059c8000 	/usr/lib/libz.1.dylib
0x00000000059c8000 	/usr/lib/libSystem.B.dylib
0x00000000059c8000 	/usr/lib/libobjc.A.dylib
0x00000000059c8000 	/System/Library/Frameworks/CoreFoundation.framework/Versions/A/CoreFoundation
0x00000000059c8000 	/System/Library/Frameworks/Foundation.framework/Versions/C/Foundation
0x00000000059c8000 	/System/Library/Frameworks/AppKit.framework/Versions/C/AppKit
0x00000000059c8000 	/System/Library/Frameworks/CoreData.framework/Versions/A/CoreData
0x00000000059c8000 	/System/Library/PrivateFrameworks/RemoteViewServices.framework/Versions/A/RemoteViewServices
0x00000000059c8000 	/System/Library/PrivateFrameworks/UIFoundation.framework/Versions/A/UIFoundation
0x00000000059c8000 	/System/Library/Frameworks/IOSurface.framework/Versions/A/IOSurface
0x00000000059c8000 	/System/Library/Frameworks/AudioToolbox.framework/Versions/A/AudioToolbox
0x00000000059c8000 	/System/Library/Frameworks/AudioUnit.framework/Versions/A/AudioUnit
0x00000000059c8000 	/System/Library/PrivateFrameworks/DataDetectorsCore.framework/Versions/A/DataDetectorsCore
0x00000000059c8000 	/System/Library/PrivateFrameworks/DesktopServicesPriv.framework/Versions/A/DesktopServicesPriv
0x00000000059c8000 	/System/Library/Frameworks/Carbon.framework/Versions/A/Frameworks/HIToolbox.framework/Versions/A/HIToolbox
0x00000000059c8000 	/System/Library/Frameworks/QuartzCore.framework/Versions/A/QuartzCore
0x00000000059c8000 	/System/Library/Frameworks/Carbon.framework/Versions/A/Frameworks/SpeechRecognition.framework/Versions/A/SpeechRecognition
0x00000000059c8000 	/usr/lib/libauto.dylib
0x00000000059c8000 	/usr/lib/libicucore.A.dylib
0x00000000059c8000 	/usr/lib/libxml2.2.dylib
0x00000000059c8000 	/System/Library/PrivateFrameworks/CoreUI.framework/Versions/A/CoreUI
0x00000000059c8000 	/System/Library/Frameworks/CoreAudio.framework/Versions/A/CoreAudio
0x00000000059c8000 	/System/Library/Frameworks/DiskArbitration.framework/Versions/A/DiskArbitration
0x00000000059c8000 	/usr/lib/liblangid.dylib
0x00000000059c8000 	/System/Library/PrivateFrameworks/MultitouchSupport.framework/Versions/A/MultitouchSupport
0x00000000059c8000 	/System/Library/Frameworks/IOKit.framework/Versions/A/IOKit
0x00000000059c8000 	/usr/lib/libDiagnosticMessagesClient.dylib
0x00000000059c8000 	/System/Library/Frameworks/CoreServices.framework/Versions/A/CoreServices
0x00000000059c8000 	/System/Library/PrivateFrameworks/PerformanceAnalysis.framework/Versions/A/PerformanceAnalysis
0x00000000059c8000 	/System/Library/PrivateFrameworks/GenerationalStorage.framework/Versions/A/GenerationalStorage
0x00000000059c8000 	/System/Library/Frameworks/OpenGL.framework/Versions/A/OpenGL
0x00000000059c8000 	/System/Library/PrivateFrameworks/Sharing.framework/Versions/A/Sharing
0x00000000059c8000 	/System/Library/Frameworks/CoreGraphics.framework/Versions/A/CoreGraphics
0x00000000059c8000 	/System/Library/Frameworks/CoreText.framework/Versions/A/CoreText
0x00000000059c8000 	/System/Library/Frameworks/ImageIO.framework/Versions/A/ImageIO
0x00000000059c8000 	/usr/lib/libextension.dylib
0x00000000059c8000 	/System/Library/PrivateFrameworks/Backup.framework/Versions/A/Backup
0x00000000059c8000 	/usr/lib/libarchive.2.dylib
0x00000000059c8000 	/System/Library/Frameworks/CFNetwork.framework/Versions/A/CFNetwork
0x00000000059c8000 	/System/Library/Frameworks/SystemConfiguration.framework/Versions/A/SystemConfiguration
0x00000000059c8000 	/usr/lib/libCRFSuite.dylib
0x00000000059c8000 	/usr/lib/libc++.1.dylib
0x00000000059c8000 	/usr/lib/libc++abi.dylib
0x00000000059c8000 	/usr/lib/system/libcache.dylib
0x00000000059c8000 	/usr/lib/system/libcommonCrypto.dylib
0x00000000059c8000 	/usr/lib/system/libcompiler_rt.dylib
0x00000000059c8000 	/usr/lib/system/libcopyfile.dylib
0x00000000059c8000 	/usr/lib/system/libcorecrypto.dylib
0x00000000059c8000 	/usr/lib/system/libdispatch.dylib
0x00000000059c8000 	/usr/lib/system/libdyld.dylib
0x00000000059c8000 	/usr/lib/system/libkeymgr.dylib
0x00000000059c8000 	/usr/lib/system/liblaunch.dylib
0x00000000059c8000 	/usr/lib/system/libmacho.dylib
0x00000000059c8000 	/usr/lib/system/libquarantine.dylib
0x00000000059c8000 	/usr/lib/system/libremovefile.dylib
0x00000000059c8000 	/usr/lib/system/libsystem_asl.dylib
0x00000000059c8000 	/usr/lib/system/libsystem_blocks.dylib
0x00000000059c8000 	/usr/lib/system/libsystem_c.dylib
0x00000000059c8000 	/usr/lib/system/libsystem_configuration.dylib
0x00000000059c8000 	/usr/lib/system/libsystem_coreservices.dylib
0x00000000059c8000 	/usr/lib/system/libsystem_coretls.dylib
0x00000000059c8000 	/usr/lib/system/libsystem_dnssd.dylib
0x00000000059c8000 	/usr/lib/system/libsystem_info.dylib
0x00000000059c8000 	/usr/lib/system/libsystem_kernel.dylib
0x00000000059c8000 	/usr/lib/system/libsystem_m.dylib
0x00000000059c8000 	/usr/lib/system/libsystem_malloc.dylib
0x00000000059c8000 	/usr/lib/system/libsystem_network.dylib
0x00000000059c8000 	/usr/lib/system/libsystem_networkextension.dylib
0x00000000059c8000 	/usr/lib/system/libsystem_notify.dylib
0x00000000059c8000 	/usr/lib/system/libsystem_platform.dylib
0x00000000059c8000 	/usr/lib/system/libsystem_pthread.dylib
0x00000000059c8000 	/usr/lib/system/libsystem_sandbox.dylib
0x00000000059c8000 	/usr/lib/system/libsystem_secinit.dylib
0x00000000059c8000 	/usr/lib/system/libsystem_stats.dylib
0x00000000059c8000 	/usr/lib/system/libsystem_trace.dylib
0x00000000059c8000 	/usr/lib/system/libunc.dylib
0x00000000059c8000 	/usr/lib/system/libunwind.dylib
0x00000000059c8000 	/usr/lib/system/libxpc.dylib
0x00000000059c8000 	/usr/lib/libbz2.1.0.dylib
0x00000000059c8000 	/usr/lib/liblzma.5.dylib
0x00000000059c8000 	/usr/lib/libbsm.0.dylib
0x00000000059c8000 	/usr/lib/libsqlite3.dylib
0x00000000059c8000 	/usr/lib/system/libkxld.dylib
0x00000000059c8000 	/usr/lib/libxar.1.dylib
0x00000000059c8000 	/usr/lib/libpam.2.dylib
0x00000000059c8000 	/usr/lib/libOpenScriptingUtil.dylib
0x00000000059c8000 	/System/Library/Frameworks/CoreServices.framework/Versions/A/Frameworks/FSEvents.framework/Versions/A/FSEvents
0x00000000059c8000 	/System/Library/Frameworks/CoreServices.framework/Versions/A/Frameworks/CarbonCore.framework/Versions/A/CarbonCore
0x00000000059c8000 	/System/Library/Frameworks/CoreServices.framework/Versions/A/Frameworks/Metadata.framework/Versions/A/Metadata
0x00000000059c8000 	/System/Library/Frameworks/CoreServices.framework/Versions/A/Frameworks/OSServices.framework/Versions/A/OSServices
0x00000000059c8000 	/System/Library/Frameworks/CoreServices.framework/Versions/A/Frameworks/SearchKit.framework/Versions/A/SearchKit
0x00000000059c8000 	/System/Library/Frameworks/CoreServices.framework/Versions/A/Frameworks/AE.framework/Versions/A/AE
0x00000000059c8000 	/System/Library/Frameworks/CoreServices.framework/Versions/A/Frameworks/LaunchServices.framework/Versions/A/LaunchServices
0x00000000059c8000 	/System/Library/Frameworks/CoreServices.framework/Versions/A/Frameworks/DictionaryServices.framework/Versions/A/DictionaryServices
0x00000000059c8000 	/System/Library/Frameworks/NetFS.framework/Versions/A/NetFS
0x00000000059c8000 	/System/Library/PrivateFrameworks/NetAuth.framework/Versions/A/NetAuth
0x00000000059c8000 	/System/Library/PrivateFrameworks/login.framework/Versions/A/Frameworks/loginsupport.framework/Versions/A/loginsupport
0x00000000059c8000 	/System/Library/PrivateFrameworks/TCC.framework/Versions/A/TCC
0x00000000059c8000 	/usr/lib/libmecabra.dylib
0x00000000059c8000 	/System/Library/Frameworks/ApplicationServices.framework/Versions/A/Frameworks/ATS.framework/Versions/A/ATS
0x00000000059c8000 	/System/Library/Frameworks/ApplicationServices.framework/Versions/A/Frameworks/ColorSync.framework/Versions/A/ColorSync
0x00000000059c8000 	/System/Library/Frameworks/ApplicationServices.framework/Versions/A/Frameworks/HIServices.framework/Versions/A/HIServices
0x00000000059c8000 	/System/Library/Frameworks/ApplicationServices.framework/Versions/A/Frameworks/LangAnalysis.framework/Versions/A/LangAnalysis
0x00000000059c8000 	/System/Library/Frameworks/ApplicationServices.framework/Versions/A/Frameworks/PrintCore.framework/Versions/A/PrintCore
0x00000000059c8000 	/System/Library/Frameworks/ApplicationServices.framework/Versions/A/Frameworks/QD.framework/Versions/A/QD
0x00000000059c8000 	/System/Library/Frameworks/ApplicationServices.framework/Versions/A/Frameworks/SpeechSynthesis.framework/Versions/A/SpeechSynthesis
0x00000000059c8000 	/System/Library/Frameworks/Accelerate.framework/Versions/A/Accelerate
0x00000000059c8000 	/System/Library/Frameworks/Accelerate.framework/Versions/A/Frameworks/vImage.framework/Versions/A/vImage
0x00000000059c8000 	/System/Library/Frameworks/Accelerate.framework/Versions/A/Frameworks/vecLib.framework/Versions/A/vecLib
0x00000000059c8000 	/System/Library/Frameworks/Accelerate.framework/Versions/A/Frameworks/vecLib.framework/Versions/A/libvDSP.dylib
0x00000000059c8000 	/System/Library/Frameworks/Accelerate.framework/Versions/A/Frameworks/vecLib.framework/Versions/A/libvMisc.dylib
0x00000000059c8000 	/System/Library/Frameworks/Accelerate.framework/Versions/A/Frameworks/vecLib.framework/Versions/A/libLAPACK.dylib
0x00000000059c8000 	/System/Library/Frameworks/Accelerate.framework/Versions/A/Frameworks/vecLib.framework/Versions/A/libBLAS.dylib
0x00000000059c8000 	/System/Library/Frameworks/Accelerate.framework/Versions/A/Frameworks/vecLib.framework/Versions/A/libLinearAlgebra.dylib
0x00000000059c8000 	/System/Library/Frameworks/ApplicationServices.framework/Versions/A/Frameworks/ATS.framework/Versions/A/Resources/libFontParser.dylib
0x00000000059c8000 	/System/Library/Frameworks/ApplicationServices.framework/Versions/A/Frameworks/ATS.framework/Versions/A/Resources/libFontRegistry.dylib
0x00000000059c8000 	/System/Library/PrivateFrameworks/AppleVPA.framework/Versions/A/AppleVPA
0x00000000059c8000 	/System/Library/PrivateFrameworks/AppleJPEG.framework/Versions/A/AppleJPEG
0x00000000059c8000 	/System/Library/Frameworks/ImageIO.framework/Versions/A/Resources/libJPEG.dylib
0x00000000059c8000 	/System/Library/Frameworks/ImageIO.framework/Versions/A/Resources/libTIFF.dylib
0x00000000059c8000 	/System/Library/Frameworks/ImageIO.framework/Versions/A/Resources/libPng.dylib
0x00000000059c8000 	/System/Library/Frameworks/ImageIO.framework/Versions/A/Resources/libGIF.dylib
0x00000000059c8000 	/System/Library/Frameworks/ImageIO.framework/Versions/A/Resources/libJP2.dylib
0x00000000059c8000 	/System/Library/Frameworks/ImageIO.framework/Versions/A/Resources/libRadiance.dylib
0x00000000059c8000 	/System/Library/Frameworks/CoreVideo.framework/Versions/A/CoreVideo
0x00000000059c8000 	/System/Library/Frameworks/OpenGL.framework/Versions/A/Libraries/libGLU.dylib
0x00000000059c8000 	/System/Library/Frameworks/OpenGL.framework/Versions/A/Libraries/libGFXShared.dylib
0x00000000059c8000 	/System/Library/Frameworks/OpenGL.framework/Versions/A/Libraries/libGL.dylib
0x00000000059c8000 	/System/Library/Frameworks/OpenGL.framework/Versions/A/Libraries/libGLImage.dylib
0x00000000059c8000 	/System/Library/Frameworks/OpenGL.framework/Versions/A/Libraries/libCVMSPluginSupport.dylib
0x00000000059c8000 	/System/Library/Frameworks/OpenGL.framework/Versions/A/Libraries/libCoreVMClient.dylib
0x00000000059c8000 	/usr/lib/libcups.2.dylib
0x00000000059c8000 	/System/Library/Frameworks/Kerberos.framework/Versions/A/Kerberos
0x00000000059c8000 	/System/Library/Frameworks/GSS.framework/Versions/A/GSS
0x00000000059c8000 	/usr/lib/libresolv.9.dylib
0x00000000059c8000 	/usr/lib/libiconv.2.dylib
0x00000000059c8000 	/System/Library/PrivateFrameworks/Heimdal.framework/Versions/A/Heimdal
0x00000000059c8000 	/usr/lib/libheimdal-asn1.dylib
0x00000000059c8000 	/System/Library/Frameworks/OpenDirectory.framework/Versions/A/OpenDirectory
0x00000000059c8000 	/System/Library/PrivateFrameworks/CommonAuth.framework/Versions/A/CommonAuth
0x00000000059c8000 	/System/Library/Frameworks/OpenDirectory.framework/Versions/A/Frameworks/CFOpenDirectory.framework/Versions/A/CFOpenDirectory
0x00000000059c8000 	/System/Library/Frameworks/SecurityFoundation.framework/Versions/A/SecurityFoundation
0x00000000059c8000 	/System/Library/PrivateFrameworks/LanguageModeling.framework/Versions/A/LanguageModeling
0x00000000059c8000 	/usr/lib/libcmph.dylib
0x00000000059c8000 	/System/Library/Frameworks/ServiceManagement.framework/Versions/A/ServiceManagement
0x00000000059c8000 	/usr/lib/libxslt.1.dylib
0x00000000059c8000 	/System/Library/Frameworks/Carbon.framework/Versions/A/Frameworks/Ink.framework/Versions/A/Ink
0x00000000059c8000 	/System/Library/Frameworks/QuartzCore.framework/Versions/A/Frameworks/CoreImage.framework/Versions/A/CoreImage
0x00000000059c8000 	/System/Library/PrivateFrameworks/CrashReporterSupport.framework/Versions/A/CrashReporterSupport
0x00000000059c8000 	/System/Library/Frameworks/OpenCL.framework/Versions/A/OpenCL
0x00000000059c8000 	/System/Library/PrivateFrameworks/FaceCore.framework/Versions/A/FaceCore
0x00000000059c8000 	/System/Library/PrivateFrameworks/Ubiquity.framework/Versions/A/Ubiquity
0x00000000059c8000 	/System/Library/PrivateFrameworks/IconServices.framework/Versions/A/IconServices
0x00000000059c8000 	/System/Library/PrivateFrameworks/ChunkingLibrary.framework/Versions/A/ChunkingLibrary
0x00000000059c8000 	/System/Library/PrivateFrameworks/Apple80211.framework/Versions/A/Apple80211
0x00000000059c8000 	/System/Library/Frameworks/CoreWLAN.framework/Versions/A/CoreWLAN
0x00000000059c8000 	/System/Library/Frameworks/IOBluetooth.framework/Versions/A/IOBluetooth
0x00000000059c8000 	/System/Library/PrivateFrameworks/CoreWiFi.framework/Versions/A/CoreWiFi
0x00000000059c8000 	/System/Library/Frameworks/CoreBluetooth.framework/Versions/A/CoreBluetooth
0x00000000059c8000 	/System/Library/PrivateFrameworks/DebugSymbols.framework/Versions/A/DebugSymbols
0x00000000059c8000 	/System/Library/PrivateFrameworks/CoreSymbolication.framework/Versions/A/CoreSymbolication
0x00000000059c8000 	/System/Library/PrivateFrameworks/Symbolication.framework/Versions/A/Symbolication
0x00000000059c8000 	/System/Library/PrivateFrameworks/SpeechRecognitionCore.framework/Versions/A/SpeechRecognitionCore
0x0000000106400000 	/Library/Java/JavaVirtualMachines/jdk1.8.0_31.jdk/Contents/Home/jre/lib/server/libjvm.dylib
0x00000000059c8000 	/usr/lib/libstdc++.6.dylib
0x00000001053f1000 	/Library/Java/JavaVirtualMachines/jdk1.8.0_31.jdk/Contents/Home/jre/lib/libverify.dylib
0x0000000107422000 	/Library/Java/JavaVirtualMachines/jdk1.8.0_31.jdk/Contents/Home/jre/lib/libjava.dylib
0x000000010745f000 	/Library/Java/JavaVirtualMachines/jdk1.8.0_31.jdk/Contents/Home/jre/lib/libzip.dylib
0x000000012303d000 	/System/Library/Frameworks/JavaVM.framework/Frameworks/JavaRuntimeSupport.framework/JavaRuntimeSupport
0x0000000123053000 	/System/Library/Frameworks/JavaVM.framework/Versions/A/Frameworks/JavaNativeFoundation.framework/Versions/A/JavaNativeFoundation
0x0000000123067000 	/System/Library/Frameworks/JavaVM.framework/Versions/A/JavaVM
0x00000000059c8000 	/System/Library/Frameworks/Carbon.framework/Versions/A/Carbon
0x0000000123073000 	/System/Library/PrivateFrameworks/JavaLaunching.framework/Versions/A/JavaLaunching
0x00000000059c8000 	/System/Library/Frameworks/Carbon.framework/Versions/A/Frameworks/CommonPanels.framework/Versions/A/CommonPanels
0x00000000059c8000 	/System/Library/Frameworks/Carbon.framework/Versions/A/Frameworks/Help.framework/Versions/A/Help
0x00000000059c8000 	/System/Library/Frameworks/Carbon.framework/Versions/A/Frameworks/ImageCapture.framework/Versions/A/ImageCapture
0x00000000059c8000 	/System/Library/Frameworks/Carbon.framework/Versions/A/Frameworks/OpenScripting.framework/Versions/A/OpenScripting
0x00000000059c8000 	/System/Library/Frameworks/Carbon.framework/Versions/A/Frameworks/Print.framework/Versions/A/Print
0x00000000059c8000 	/System/Library/Frameworks/Carbon.framework/Versions/A/Frameworks/SecurityHI.framework/Versions/A/SecurityHI

VM Arguments:
jvm_args: -Dfile.encoding=UTF-8 
java_command: Main
java_class_path (initial): /Users/benjamin/Development/Java/workspace/S11D04_Threads/bin
Launcher Type: SUN_STANDARD

Environment Variables:
PATH=/usr/bin:/bin:/usr/sbin:/sbin
SHELL=/bin/bash

Signal Handlers:
SIGSEGV: [libjvm.dylib+0x57a0e7], sa_mask[0]=11111111011111110111111111111111, sa_flags=SA_ONSTACK|SA_RESTART|SA_SIGINFO
SIGBUS: [libjvm.dylib+0x57a0e7], sa_mask[0]=11111111011111110111111111111111, sa_flags=SA_RESTART|SA_SIGINFO
SIGFPE: [libjvm.dylib+0x45af24], sa_mask[0]=11111111011111110111111111111111, sa_flags=SA_RESTART|SA_SIGINFO
SIGPIPE: [libjvm.dylib+0x45af24], sa_mask[0]=11111111011111110111111111111111, sa_flags=SA_RESTART|SA_SIGINFO
SIGXFSZ: [libjvm.dylib+0x45af24], sa_mask[0]=11111111011111110111111111111111, sa_flags=SA_RESTART|SA_SIGINFO
SIGILL: [libjvm.dylib+0x45af24], sa_mask[0]=11111111011111110111111111111111, sa_flags=SA_RESTART|SA_SIGINFO
SIGUSR1: SIG_DFL, sa_mask[0]=00000000000000000000000000000000, sa_flags=none
SIGUSR2: [libjvm.dylib+0x45aa42], sa_mask[0]=00100000000000000000000000000000, sa_flags=SA_RESTART|SA_SIGINFO
SIGHUP: [libjvm.dylib+0x459015], sa_mask[0]=11111111011111110111111111111111, sa_flags=SA_RESTART|SA_SIGINFO
SIGINT: [libjvm.dylib+0x459015], sa_mask[0]=11111111011111110111111111111111, sa_flags=SA_RESTART|SA_SIGINFO
SIGTERM: [libjvm.dylib+0x459015], sa_mask[0]=11111111011111110111111111111111, sa_flags=SA_RESTART|SA_SIGINFO
SIGQUIT: [libjvm.dylib+0x459015], sa_mask[0]=11111111011111110111111111111111, sa_flags=SA_RESTART|SA_SIGINFO


---------------  S Y S T E M  ---------------

OS:Bsduname:Darwin 14.4.0 Darwin Kernel Version 14.4.0: Thu May 28 11:35:04 PDT 2015; root:xnu-2782.30.5~1/RELEASE_X86_64 x86_64
rlimit: STACK 8192k, CORE 0k, NPROC 709, NOFILE 10240, AS infinity
load average:2.47 2.13 1.54

CPU:total 8 (4 cores per cpu, 2 threads per core) family 6 model 70 stepping 1, cmov, cx8, fxsr, mmx, sse, sse2, sse3, ssse3, sse4.1, sse4.2, popcnt, avx, avx2, aes, clmul, erms, rtm, lzcnt, ht, tsc, tscinvbit, bmi1, bmi2

Memory: 4k page, physical 16777216k(1712708k free)

/proc/meminfo:


vm_info: Java HotSpot(TM) 64-Bit Server VM (25.31-b07) for bsd-amd64 JRE (1.8.0_31-b13), built on Dec 17 2014 20:45:36 by "java_re" with gcc 4.2.1 (Based on Apple Inc. build 5658) (LLVM build 2336.11.00)

time: Thu Jul 30 10:45:17 2015
elapsed time: 354 seconds (0d 0h 5m 54s)

